<?xml version="1.0" encoding="UTF-8"?>
<!-- Generated by org.testng.reporters.JUnitXMLReporter -->
<testsuite ignored="0" hostname="DESKTOP-3N0O4DU" failures="0" tests="2" name="Test2" time="16.424" errors="0" timestamp="2023-10-09T12:49:04 IST">
  <testcase classname="com.actitime.testscript.CustomerModule" name="createCustomer" time="0.002"/>
  <testcase classname="com.actitime.testscript.CustomerModule" name="deleteCustomer" time="0.0">
    <skipped/>
  </testcase> <!-- deleteCustomer -->
</testsuite> <!-- Test2 -->
